# BLASTP 2.6.0+
# Query: gi|186681228|ref|YP_001864424.1| phycoerythrobilin:ferredoxin oxidoreductase
# Database: /home/compbio/durgesh_primus/tools/blastp_data/db/db/pdbaa.00
# Fields: subject acc., % query coverage per subject, % identity, % positives, evalue
# 37 hits found
4EOD_A	91	29.832	47.48	3.17e-21
4EOC_A	91	29.832	47.90	3.81e-21
2D1E_A	91	29.832	47.48	3.90e-21
3I95_A	91	29.832	47.48	4.27e-21
3NB8_A	91	29.832	47.06	4.64e-21
2X9O_A	85	29.018	45.09	4.68e-21
4EOE_A	91	29.832	47.48	5.64e-21
3AJG_A	91	29.832	47.06	1.56e-20
3F0L_A	91	29.412	47.48	1.82e-20
5B4H_A	91	29.832	47.06	3.14e-20
2G18_A	87	26.549	43.81	1.00e-15
2VGR_A	72	23.383	37.81	1.12e-05
2VCK_A	72	23.383	37.31	4.34e-05
2X9I_A	72	22.886	37.81	4.42e-05
2X9J_A	72	22.886	37.81	4.42e-05
1IQ8_A	32	30.864	48.15	0.20
3FG1_A	31	25.000	46.25	0.66
3FG4_A	31	25.000	46.25	0.67
3DY5_A	31	25.000	46.25	0.68
3FG3_A	31	25.000	46.25	0.68
2FNQ_A	31	25.000	46.25	0.70
1O65_A	16	34.884	58.14	2.5
1O67_A	16	34.884	58.14	3.3
4Y15_A	15	40.476	47.62	4.5
4UZU_A	16	39.024	53.66	4.6
4Y13_A	15	40.476	50.00	4.7
4LFU_A	15	40.476	47.62	4.8
2AVX_A	15	40.476	47.62	5.0
1HVX_A	16	39.024	53.66	5.0
2WUZ_A	28	29.487	42.31	8.1
3ZG2_A	28	29.487	42.31	8.2
3KHM_A	28	29.487	42.31	8.4
4H6O_A	28	29.487	42.31	8.4
4COH_A	28	29.487	42.31	8.7
3K1O_A	28	29.487	42.31	8.7
4C27_A	28	29.487	42.31	8.8
4BY0_A	28	29.487	42.31	8.9
# BLAST processed 1 queries
